<?xml version="1.0" encoding="UTF-8"?>
<!-- Generated by org.testng.reporters.JUnitXMLReporter -->
<testsuite ignored="0" hostname="REM-LT-220214C" failures="0" tests="3" name="Default test" time="5.562" errors="0" timestamp="2022-02-23T16:24:03 CST">
  <testcase classname="com.unosquare.FirstAPIPostEnhancement" name="createPost" time="4.319"/>
  <testcase classname="com.unosquare.FirstAPIPostEnhancement" name="createPostJsonFileLogin" time="0.639"/>
  <testcase classname="com.unosquare.FirstAPIPostEnhancement" name="createPostJsonFileRegister" time="0.519"/>
</testsuite> <!-- Default test -->
