<?xml version="1.0" encoding="UTF-8"?>
<testng-results ignored="0" total="3" passed="3" failed="0" skipped="0">
  <reporter-output>
    <line>
      <![CDATA[{
    "name": "JohnAPI Test",
    "job": "QA",
    "id": "66",
    "createdAt": "2022-02-25T17:21:40.908Z"
}]]>
    </line>
    <line>
      <![CDATA[-- Test --]]>
    </line>
    <line>
      <![CDATA[Body sent: {"password":"cityslicka","email":"eve.holt@reqres.in"}]]>
    </line>
    <line>
      <![CDATA[Status code: 200]]>
    </line>
    <line>
      <![CDATA[Body response: {"token":"QpwL5tke4Pnpja7X4"}]]>
    </line>
    <line>
      <![CDATA[-- Test Post Register-Successful --]]>
    </line>
    <line>
      <![CDATA[Body sent: {"password":"pistol","email":"eve.holt@reqres.in"}]]>
    </line>
    <line>
      <![CDATA[Status code: 200]]>
    </line>
    <line>
      <![CDATA[Body response: {"id":4,"token":"QpwL5tke4Pnpja7X4"}]]>
    </line>
  </reporter-output>
  <suite started-at="2022-02-25T11:22:00 CST" name="Default suite" finished-at="2022-02-25T11:22:03 CST" duration-ms="3896">
    <groups>
    </groups>
    <test started-at="2022-02-25T11:22:00 CST" name="Default test" finished-at="2022-02-25T11:22:03 CST" duration-ms="3896">
      <class name="com.unosquare.FirstAPIPostEnhancement">
        <test-method is-config="true" signature="beforeSuite()[pri:0, instance:com.unosquare.FirstAPIPostEnhancement@429bffaa]" started-at="2022-02-25T11:22:00 CST" name="beforeSuite" finished-at="2022-02-25T11:22:00 CST" duration-ms="14" status="PASS">
          <reporter-output>
          </reporter-output>
        </test-method> <!-- beforeSuite -->
        <test-method is-config="true" signature="beforeMethod()[pri:0, instance:com.unosquare.FirstAPIPostEnhancement@429bffaa]" started-at="2022-02-25T11:22:00 CST" name="beforeMethod" finished-at="2022-02-25T11:22:00 CST" duration-ms="0" status="PASS">
          <reporter-output>
          </reporter-output>
        </test-method> <!-- beforeMethod -->
        <test-method signature="createPost()[pri:0, instance:com.unosquare.FirstAPIPostEnhancement@429bffaa]" started-at="2022-02-25T11:22:00 CST" name="createPost" finished-at="2022-02-25T11:22:02 CST" duration-ms="2687" status="PASS">
          <reporter-output>
            <line>
              <![CDATA[{
    "name": "JohnAPI Test",
    "job": "QA",
    "id": "66",
    "createdAt": "2022-02-25T17:21:40.908Z"
}]]>
            </line>
          </reporter-output>
        </test-method> <!-- createPost -->
        <test-method is-config="true" signature="beforeMethod()[pri:0, instance:com.unosquare.FirstAPIPostEnhancement@429bffaa]" started-at="2022-02-25T11:22:02 CST" name="beforeMethod" finished-at="2022-02-25T11:22:02 CST" duration-ms="0" status="PASS">
          <reporter-output>
          </reporter-output>
        </test-method> <!-- beforeMethod -->
        <test-method signature="createPostJsonFileLogin()[pri:0, instance:com.unosquare.FirstAPIPostEnhancement@429bffaa]" started-at="2022-02-25T11:22:02 CST" name="createPostJsonFileLogin" finished-at="2022-02-25T11:22:03 CST" duration-ms="570" status="PASS">
          <reporter-output>
            <line>
              <![CDATA[-- Test --]]>
            </line>
            <line>
              <![CDATA[Body sent: {"password":"cityslicka","email":"eve.holt@reqres.in"}]]>
            </line>
            <line>
              <![CDATA[Status code: 200]]>
            </line>
            <line>
              <![CDATA[Body response: {"token":"QpwL5tke4Pnpja7X4"}]]>
            </line>
          </reporter-output>
        </test-method> <!-- createPostJsonFileLogin -->
        <test-method is-config="true" signature="beforeMethod()[pri:0, instance:com.unosquare.FirstAPIPostEnhancement@429bffaa]" started-at="2022-02-25T11:22:03 CST" name="beforeMethod" finished-at="2022-02-25T11:22:03 CST" duration-ms="0" status="PASS">
          <reporter-output>
          </reporter-output>
        </test-method> <!-- beforeMethod -->
        <test-method signature="createPostJsonFileRegister()[pri:0, instance:com.unosquare.FirstAPIPostEnhancement@429bffaa]" started-at="2022-02-25T11:22:03 CST" name="createPostJsonFileRegister" finished-at="2022-02-25T11:22:03 CST" duration-ms="589" status="PASS">
          <reporter-output>
            <line>
              <![CDATA[-- Test Post Register-Successful --]]>
            </line>
            <line>
              <![CDATA[Body sent: {"password":"pistol","email":"eve.holt@reqres.in"}]]>
            </line>
            <line>
              <![CDATA[Status code: 200]]>
            </line>
            <line>
              <![CDATA[Body response: {"id":4,"token":"QpwL5tke4Pnpja7X4"}]]>
            </line>
          </reporter-output>
        </test-method> <!-- createPostJsonFileRegister -->
      </class> <!-- com.unosquare.FirstAPIPostEnhancement -->
    </test> <!-- Default test -->
  </suite> <!-- Default suite -->
</testng-results>
