<?xml version="1.0" encoding="UTF-8"?>
<testng-results ignored="0" total="2" passed="2" failed="0" skipped="0">
  <reporter-output>
    <line>
      <![CDATA[Sucess 200 validation]]>
    </line>
    <line>
      <![CDATA[{"data":{"id":2,"name":"fuchsia rose","year":2001,"color":"#C74375","pantone_value":"17-2031"},"support":{"url":"https://reqres.in/#support-heading","text":"To keep ReqRes free, contributions towards server costs are appreciated!"}}]]>
    </line>
    <line>
      <![CDATA[Sucess 200 validation]]>
    </line>
  </reporter-output>
  <suite started-at="2022-02-21T16:14:22 CST" name="Default suite" finished-at="2022-02-21T16:14:27 CST" duration-ms="5580">
    <groups>
    </groups>
    <test started-at="2022-02-21T16:14:22 CST" name="Default test" finished-at="2022-02-21T16:14:27 CST" duration-ms="5580">
      <class name="com.unosquare.FirstAPITest2">
        <test-method is-config="true" signature="beforeMethod()[pri:0, instance:com.unosquare.FirstAPITest2@72cde7cc]" started-at="2022-02-21T16:14:22 CST" name="beforeMethod" finished-at="2022-02-21T16:14:22 CST" duration-ms="7" status="PASS">
          <reporter-output>
          </reporter-output>
        </test-method> <!-- beforeMethod -->
        <test-method signature="f()[pri:0, instance:com.unosquare.FirstAPITest2@72cde7cc]" started-at="2022-02-21T16:14:22 CST" name="f" finished-at="2022-02-21T16:14:27 CST" duration-ms="4944" status="PASS">
          <reporter-output>
            <line>
              <![CDATA[Sucess 200 validation]]>
            </line>
            <line>
              <![CDATA[{"data":{"id":2,"name":"fuchsia rose","year":2001,"color":"#C74375","pantone_value":"17-2031"},"support":{"url":"https://reqres.in/#support-heading","text":"To keep ReqRes free, contributions towards server costs are appreciated!"}}]]>
            </line>
          </reporter-output>
        </test-method> <!-- f -->
        <test-method is-config="true" signature="beforeMethod()[pri:0, instance:com.unosquare.FirstAPITest2@72cde7cc]" started-at="2022-02-21T16:14:27 CST" name="beforeMethod" finished-at="2022-02-21T16:14:27 CST" duration-ms="0" status="PASS">
          <reporter-output>
          </reporter-output>
        </test-method> <!-- beforeMethod -->
        <test-method signature="f_Gherkin()[pri:0, instance:com.unosquare.FirstAPITest2@72cde7cc]" started-at="2022-02-21T16:14:27 CST" name="f_Gherkin" finished-at="2022-02-21T16:14:27 CST" duration-ms="565" status="PASS">
          <reporter-output>
            <line>
              <![CDATA[Sucess 200 validation]]>
            </line>
          </reporter-output>
        </test-method> <!-- f_Gherkin -->
      </class> <!-- com.unosquare.FirstAPITest2 -->
    </test> <!-- Default test -->
  </suite> <!-- Default suite -->
</testng-results>
